2020-12-17 20:03:14,131 - instabot version: 0.117.0 (bot) - INFO - Instabot version: 0.117.0 Started
2020-12-17 20:03:14,131 - instabot version: 0.117.0 (bot) - DEBUG - Bot imported from /Library/Frameworks/Python.framework/Versions/3.8/lib/python3.8/site-packages/instabot/bot/bot.py
2020-12-17 20:03:14,133 - instabot version: 0.117.0 (api_login) - INFO - Not yet logged in starting: PRE-LOGIN FLOW!
2020-12-17 20:03:14,519 - instabot version: 0.117.0 (api) - DEBUG - POST to endpoint: accounts/get_prefill_candidates/ returned response: <Response [200]>
2020-12-17 20:03:14,772 - instabot version: 0.117.0 (api) - DEBUG - POST to endpoint: qe/sync/ returned response: <Response [200]>
2020-12-17 20:03:15,029 - instabot version: 0.117.0 (api) - DEBUG - POST to endpoint: launcher/sync/ returned response: <Response [200]>
2020-12-17 20:03:15,284 - instabot version: 0.117.0 (api) - DEBUG - POST to endpoint: accounts/contact_point_prefill/ returned response: <Response [200]>
2020-12-17 20:03:17,693 - instabot version: 0.117.0 (api) - DEBUG - POST to endpoint: accounts/login/ returned response: <Response [200]>
2020-12-17 20:03:17,715 - instabot version: 0.117.0 (api) - INFO - Logged-in successfully as 'lollipopstickshop'!
2020-12-17 20:03:17,716 - instabot version: 0.117.0 (api_login) - INFO - LOGIN FLOW! Just logged-in: True
2020-12-17 20:03:17,947 - instabot version: 0.117.0 (api) - DEBUG - POST to endpoint: qe/sync/ returned response: <Response [200]>
2020-12-17 20:03:18,199 - instabot version: 0.117.0 (api) - DEBUG - POST to endpoint: launcher/sync/ returned response: <Response [200]>
2020-12-17 20:03:18,462 - instabot version: 0.117.0 (api) - DEBUG - GET to endpoint: zr/token/result/?device_id=android-9dfc1158343142d1&token_hash=&custom_device_id=android-9dfc1158343142d1&fetch_reason=token_expired returned response: <Response [200]>
2020-12-17 20:03:18,752 - instabot version: 0.117.0 (api) - DEBUG - GET to endpoint: multiple_accounts/get_account_family/ returned response: <Response [200]>
2020-12-17 20:03:19,096 - instabot version: 0.117.0 (api) - DEBUG - POST to endpoint: qe/sync/ returned response: <Response [200]>
2020-12-17 20:03:19,737 - instabot version: 0.117.0 (api) - DEBUG - GET to endpoint: igtv/browse_feed/?prefetch=1 returned response: <Response [200]>
2020-12-17 20:03:19,977 - instabot version: 0.117.0 (api) - DEBUG - POST to endpoint: creatives/ar_class/ returned response: <Response [200]>
2020-12-17 20:03:20,971 - instabot version: 0.117.0 (api) - DEBUG - POST to endpoint: feed/reels_tray/ returned response: <Response [200]>
2020-12-17 20:03:23,549 - instabot version: 0.117.0 (api) - DEBUG - POST to endpoint: feed/timeline/ returned response: <Response [200]>
2020-12-17 20:03:23,828 - instabot version: 0.117.0 (api) - DEBUG - GET to endpoint: media/blocked/ returned response: <Response [200]>
2020-12-17 20:03:24,863 - instabot version: 0.117.0 (api) - DEBUG - GET to endpoint: news/inbox/ returned response: <Response [200]>
2020-12-17 20:03:25,149 - instabot version: 0.117.0 (api) - DEBUG - GET to endpoint: loom/fetch_config/ returned response: <Response [200]>
2020-12-17 20:03:27,492 - instabot version: 0.117.0 (api) - DEBUG - GET to endpoint: scores/bootstrap/users/?surfaces=["autocomplete_user_list","coefficient_besties_list_ranking","coefficient_rank_recipient_user_suggestion","coefficient_ios_section_test_bootstrap_ranking","coefficient_direct_recipients_ranking_variant_2"] returned response: <Response [200]>
2020-12-17 20:03:27,772 - instabot version: 0.117.0 (api) - DEBUG - GET to endpoint: business/eligibility/get_monetization_products_eligibility_data/?product_types=branded_content returned response: <Response [200]>
2020-12-17 20:03:28,057 - instabot version: 0.117.0 (api) - DEBUG - GET to endpoint: business/branded_content/should_require_professional_account/ returned response: <Response [200]>
2020-12-17 20:03:28,334 - instabot version: 0.117.0 (api) - DEBUG - GET to endpoint: linked_accounts/get_linkage_status/ returned response: <Response [200]>
2020-12-17 20:03:28,604 - instabot version: 0.117.0 (api) - DEBUG - GET to endpoint: locations/request_country/ returned response: <Response [200]>
2020-12-17 20:03:28,867 - instabot version: 0.117.0 (api) - DEBUG - GET to endpoint: qp/get_cooldowns/?signed_body=signed_body=4b9c516a5410a3bc128e09c6104a7f042146b9c2023870560c63a43a7f66781c.4&ig_sig_key_version=4&ig_sig_key_version=4 returned response: <Response [200]>
2020-12-17 20:03:29,147 - instabot version: 0.117.0 (api) - DEBUG - GET to endpoint: users/arlink_download_info/?version_override=2.2.1 returned response: <Response [200]>
2020-12-17 20:03:29,894 - instabot version: 0.117.0 (api) - DEBUG - GET to endpoint: users/13377609248/info/ returned response: <Response [200]>
2020-12-17 20:03:30,500 - instabot version: 0.117.0 (api) - DEBUG - GET to endpoint: direct_v2/get_presence/ returned response: <Response [200]>
2020-12-17 20:03:31,916 - instabot version: 0.117.0 (api) - DEBUG - GET to endpoint: direct_v2/inbox/?visual_message_return_type=unseen&thread_message_limit=10&persistentBadging=true&limit=20 returned response: <Response [200]>
2020-12-17 20:03:32,361 - instabot version: 0.117.0 (api) - DEBUG - GET to endpoint: direct_v2/inbox/?visual_message_return_type=unseen&persistentBadging=true&limit=0 returned response: <Response [200]>
2020-12-17 20:03:32,733 - instabot version: 0.117.0 (api) - DEBUG - GET to endpoint: discover/topical_explore/?is_prefetch=true&omit_cover_media=true&use_sectional_payload=true&timezone_offset=0&session_id=c5bf2cf9-8ea6-45d8-b5c2-bc2fbb1f6a18&include_fixed_destinations=true returned response: <Response [200]>
2020-12-17 20:03:33,004 - instabot version: 0.117.0 (api) - DEBUG - POST to endpoint: notifications/badge/ returned response: <Response [200]>
2020-12-17 20:03:33,578 - instabot version: 0.117.0 (api) - DEBUG - POST to endpoint: qp/batch_fetch/ returned response: <Response [200]>
2020-12-17 20:03:33,580 - instabot version: 0.117.0 (bot_checkpoint) - DEBUG - Loading Checkpoint file from: /1/instabots/config/lollipopstickshop.checkpoint
2020-12-17 20:03:34,298 - instabot version: 0.117.0 (api) - DEBUG - GET to endpoint: users/lollipopstickshop/usernameinfo/ returned response: <Response [200]>
2020-12-17 20:03:35,437 - instabot version: 0.117.0 (api) - DEBUG - GET to endpoint: users/13377609248/info/ returned response: <Response [200]>
2020-12-17 20:03:35,941 - instabot version: 0.117.0 (api) - DEBUG - GET to endpoint: friendships/13377609248/followers/?rank_token=13377609248_e52a1da4-0235-44fc-b13d-b1e81951341b returned response: <Response [200]>
2020-12-17 20:03:36,432 - instabot version: 0.117.0 (api) - DEBUG - GET to endpoint: friendships/13377609248/followers/?rank_token=13377609248_e52a1da4-0235-44fc-b13d-b1e81951341b&max_id=QVFBZ1Z4dHJmZ3pnZFBVY08xR0dKbG1xMEVBaGZFSEhyWkpEbVVHTVpfVml0WmFGR2xlYmxWWl9Kc05RejRteS1ZWlRlRldnVDBQWmxGM09ocGNDNy11ag== returned response: <Response [200]>
2020-12-17 20:03:36,787 - instabot version: 0.117.0 (api) - DEBUG - GET to endpoint: friendships/13377609248/followers/?rank_token=13377609248_e52a1da4-0235-44fc-b13d-b1e81951341b&max_id=QVFCQjJsMWdTYTcza1VOV2NuY1dJRno4T3htSWUwN2FlMGJYbEJTSVVZalNadkhjSmVPVTFIbk5ZTC0zV2RKWEVDb3Q2bWg0dmZ0OGdhVWxBSFJuVFdzaQ== returned response: <Response [200]>
2020-12-17 20:03:36,792 - instabot version: 0.117.0 (bot_checkpoint) - DEBUG - Saving Checkpoint file to: /1/instabots/config/lollipopstickshop.checkpoint
2020-12-17 20:03:36,793 - instabot version: 0.117.0 (bot) - INFO - Total requests: 36
